mode: set
github.com/baldator/iac-recert-engine/internal/engine/engine.go:35.72,40.16 3 1
github.com/baldator/iac-recert-engine/internal/engine/engine.go:40.16,42.3 1 0
github.com/baldator/iac-recert-engine/internal/engine/engine.go:45.2,50.16 5 1
github.com/baldator/iac-recert-engine/internal/engine/engine.go:50.16,52.3 1 0
github.com/baldator/iac-recert-engine/internal/engine/engine.go:54.2,55.16 2 1
github.com/baldator/iac-recert-engine/internal/engine/engine.go:55.16,57.3 1 0
github.com/baldator/iac-recert-engine/internal/engine/engine.go:59.2,72.8 3 1
github.com/baldator/iac-recert-engine/internal/engine/engine.go:75.49,84.16 6 1
github.com/baldator/iac-recert-engine/internal/engine/engine.go:84.16,86.3 1 1
github.com/baldator/iac-recert-engine/internal/engine/engine.go:87.2,87.15 1 0
github.com/baldator/iac-recert-engine/internal/engine/engine.go:87.15,88.20 1 0
github.com/baldator/iac-recert-engine/internal/engine/engine.go:88.20,89.48 1 0
github.com/baldator/iac-recert-engine/internal/engine/engine.go:89.48,91.5 1 0
github.com/baldator/iac-recert-engine/internal/engine/engine.go:94.2,99.16 4 0
github.com/baldator/iac-recert-engine/internal/engine/engine.go:99.16,101.3 1 0
github.com/baldator/iac-recert-engine/internal/engine/engine.go:102.2,107.16 4 0
github.com/baldator/iac-recert-engine/internal/engine/engine.go:107.16,109.3 1 0
github.com/baldator/iac-recert-engine/internal/engine/engine.go:110.2,115.16 4 0
github.com/baldator/iac-recert-engine/internal/engine/engine.go:115.16,117.3 1 0
github.com/baldator/iac-recert-engine/internal/engine/engine.go:118.2,124.31 5 0
github.com/baldator/iac-recert-engine/internal/engine/engine.go:124.31,125.77 1 0
github.com/baldator/iac-recert-engine/internal/engine/engine.go:125.77,128.4 2 0
github.com/baldator/iac-recert-engine/internal/engine/engine.go:128.9,130.4 1 0
github.com/baldator/iac-recert-engine/internal/engine/engine.go:133.2,134.12 2 0
github.com/baldator/iac-recert-engine/internal/engine/engine.go:137.124,143.16 4 0
github.com/baldator/iac-recert-engine/internal/engine/engine.go:143.16,145.3 1 0
github.com/baldator/iac-recert-engine/internal/engine/engine.go:148.2,150.16 3 0
github.com/baldator/iac-recert-engine/internal/engine/engine.go:150.16,152.3 1 0
github.com/baldator/iac-recert-engine/internal/engine/engine.go:155.2,158.28 4 0
github.com/baldator/iac-recert-engine/internal/engine/engine.go:158.28,160.3 1 0
github.com/baldator/iac-recert-engine/internal/engine/engine.go:162.2,170.25 2 0
github.com/baldator/iac-recert-engine/internal/engine/engine.go:170.25,177.3 2 0
github.com/baldator/iac-recert-engine/internal/engine/engine.go:180.2,181.34 2 0
github.com/baldator/iac-recert-engine/internal/engine/engine.go:181.34,184.27 2 0
github.com/baldator/iac-recert-engine/internal/engine/engine.go:184.27,185.43 1 0
github.com/baldator/iac-recert-engine/internal/engine/engine.go:185.43,187.10 2 0
github.com/baldator/iac-recert-engine/internal/engine/engine.go:190.3,190.48 1 0
github.com/baldator/iac-recert-engine/internal/engine/engine.go:190.48,191.12 1 0
github.com/baldator/iac-recert-engine/internal/engine/engine.go:195.3,196.17 2 0
github.com/baldator/iac-recert-engine/internal/engine/engine.go:196.17,198.12 2 0
github.com/baldator/iac-recert-engine/internal/engine/engine.go:200.3,201.17 2 0
github.com/baldator/iac-recert-engine/internal/engine/engine.go:201.17,203.12 2 0
github.com/baldator/iac-recert-engine/internal/engine/engine.go:205.3,219.118 7 0
github.com/baldator/iac-recert-engine/internal/engine/engine.go:223.2,225.16 3 0
github.com/baldator/iac-recert-engine/internal/engine/engine.go:225.16,227.3 1 0
github.com/baldator/iac-recert-engine/internal/engine/engine.go:227.8,229.3 1 0
github.com/baldator/iac-recert-engine/internal/engine/engine.go:232.2,234.16 3 0
github.com/baldator/iac-recert-engine/internal/engine/engine.go:234.16,236.3 1 0
github.com/baldator/iac-recert-engine/internal/engine/engine.go:237.2,242.16 4 0
github.com/baldator/iac-recert-engine/internal/engine/engine.go:242.16,244.3 1 0
github.com/baldator/iac-recert-engine/internal/engine/engine.go:246.2,247.12 2 0
